::1 - - [01/Sep/2021:14:28:39 +0000] "OPTIONS /api/users/signup HTTP/1.1" 204 0 "http://localhost:8080/" "Mozilla/5.0 (X11; Linux x86_64) AppleWebKit/537.36 (KHTML, like Gecko) Chrome/92.0.4515.107 Safari/537.36"
::1 - - [01/Sep/2021:14:28:39 +0000] "POST /api/users/signup HTTP/1.1" 400 134 "http://localhost:8080/" "Mozilla/5.0 (X11; Linux x86_64) AppleWebKit/537.36 (KHTML, like Gecko) Chrome/92.0.4515.107 Safari/537.36"
::1 - - [01/Sep/2021:14:28:49 +0000] "OPTIONS /api/users/signup HTTP/1.1" 204 0 "http://localhost:8080/" "Mozilla/5.0 (X11; Linux x86_64) AppleWebKit/537.36 (KHTML, like Gecko) Chrome/92.0.4515.107 Safari/537.36"
::1 - - [01/Sep/2021:14:28:49 +0000] "POST /api/users/signup HTTP/1.1" 400 33 "http://localhost:8080/" "Mozilla/5.0 (X11; Linux x86_64) AppleWebKit/537.36 (KHTML, like Gecko) Chrome/92.0.4515.107 Safari/537.36"
::1 - - [01/Sep/2021:14:28:54 +0000] "POST /api/users/signup HTTP/1.1" 400 33 "http://localhost:8080/" "Mozilla/5.0 (X11; Linux x86_64) AppleWebKit/537.36 (KHTML, like Gecko) Chrome/92.0.4515.107 Safari/537.36"
::1 - - [01/Sep/2021:14:30:24 +0000] "OPTIONS /api/users/signup HTTP/1.1" 204 0 "http://localhost:8080/" "Mozilla/5.0 (X11; Linux x86_64) AppleWebKit/537.36 (KHTML, like Gecko) Chrome/92.0.4515.107 Safari/537.36"
::1 - - [01/Sep/2021:14:30:24 +0000] "POST /api/users/signup HTTP/1.1" 400 33 "http://localhost:8080/" "Mozilla/5.0 (X11; Linux x86_64) AppleWebKit/537.36 (KHTML, like Gecko) Chrome/92.0.4515.107 Safari/537.36"
::1 - - [01/Sep/2021:14:31:48 +0000] "OPTIONS /api/users/signup HTTP/1.1" 204 0 "http://localhost:8080/" "Mozilla/5.0 (X11; Linux x86_64) AppleWebKit/537.36 (KHTML, like Gecko) Chrome/92.0.4515.107 Safari/537.36"
::1 - - [01/Sep/2021:14:32:34 +0000] "OPTIONS /api/users/signup HTTP/1.1" 204 0 "http://localhost:8080/" "Mozilla/5.0 (X11; Linux x86_64) AppleWebKit/537.36 (KHTML, like Gecko) Chrome/92.0.4515.107 Safari/537.36"
::1 - - [01/Sep/2021:14:32:35 +0000] "POST /api/users/signup HTTP/1.1" 400 33 "http://localhost:8080/" "Mozilla/5.0 (X11; Linux x86_64) AppleWebKit/537.36 (KHTML, like Gecko) Chrome/92.0.4515.107 Safari/537.36"
::1 - - [01/Sep/2021:14:33:50 +0000] "OPTIONS /api/users/signup HTTP/1.1" 204 0 "http://localhost:8080/" "Mozilla/5.0 (X11; Linux x86_64) AppleWebKit/537.36 (KHTML, like Gecko) Chrome/92.0.4515.107 Safari/537.36"
::1 - - [01/Sep/2021:14:33:50 +0000] "POST /api/users/signup HTTP/1.1" 400 33 "http://localhost:8080/" "Mozilla/5.0 (X11; Linux x86_64) AppleWebKit/537.36 (KHTML, like Gecko) Chrome/92.0.4515.107 Safari/537.36"
::1 - - [01/Sep/2021:14:34:24 +0000] "OPTIONS /api/users/signup HTTP/1.1" 204 0 "http://localhost:8080/" "Mozilla/5.0 (X11; Linux x86_64) AppleWebKit/537.36 (KHTML, like Gecko) Chrome/92.0.4515.107 Safari/537.36"
::1 - - [01/Sep/2021:14:34:24 +0000] "POST /api/users/signup HTTP/1.1" 400 33 "http://localhost:8080/" "Mozilla/5.0 (X11; Linux x86_64) AppleWebKit/537.36 (KHTML, like Gecko) Chrome/92.0.4515.107 Safari/537.36"
::1 - - [01/Sep/2021:14:35:40 +0000] "OPTIONS /api/users/signup HTTP/1.1" 204 0 "http://localhost:8080/" "Mozilla/5.0 (X11; Linux x86_64) AppleWebKit/537.36 (KHTML, like Gecko) Chrome/92.0.4515.107 Safari/537.36"
::1 - - [01/Sep/2021:14:35:40 +0000] "POST /api/users/signup HTTP/1.1" 400 33 "http://localhost:8080/" "Mozilla/5.0 (X11; Linux x86_64) AppleWebKit/537.36 (KHTML, like Gecko) Chrome/92.0.4515.107 Safari/537.36"
::1 - - [01/Sep/2021:14:42:13 +0000] "OPTIONS /api/users/signup HTTP/1.1" 204 0 "http://localhost:8080/" "Mozilla/5.0 (X11; Linux x86_64) AppleWebKit/537.36 (KHTML, like Gecko) Chrome/92.0.4515.107 Safari/537.36"
::1 - - [01/Sep/2021:14:42:13 +0000] "POST /api/users/signup HTTP/1.1" 400 33 "http://localhost:8080/" "Mozilla/5.0 (X11; Linux x86_64) AppleWebKit/537.36 (KHTML, like Gecko) Chrome/92.0.4515.107 Safari/537.36"
::1 - - [01/Sep/2021:14:42:18 +0000] "POST /api/users/signup HTTP/1.1" 400 33 "http://localhost:8080/" "Mozilla/5.0 (X11; Linux x86_64) AppleWebKit/537.36 (KHTML, like Gecko) Chrome/92.0.4515.107 Safari/537.36"
::1 - - [01/Sep/2021:14:42:53 +0000] "OPTIONS /api/users/signup HTTP/1.1" 204 0 "http://localhost:8080/" "Mozilla/5.0 (X11; Linux x86_64) AppleWebKit/537.36 (KHTML, like Gecko) Chrome/92.0.4515.107 Safari/537.36"
::1 - - [01/Sep/2021:14:42:53 +0000] "POST /api/users/signup HTTP/1.1" 400 33 "http://localhost:8080/" "Mozilla/5.0 (X11; Linux x86_64) AppleWebKit/537.36 (KHTML, like Gecko) Chrome/92.0.4515.107 Safari/537.36"
::1 - - [01/Sep/2021:14:43:48 +0000] "OPTIONS /api/users/signup HTTP/1.1" 204 0 "http://localhost:8080/" "Mozilla/5.0 (X11; Linux x86_64) AppleWebKit/537.36 (KHTML, like Gecko) Chrome/92.0.4515.107 Safari/537.36"
::1 - - [01/Sep/2021:14:43:48 +0000] "POST /api/users/signup HTTP/1.1" 201 491 "http://localhost:8080/" "Mozilla/5.0 (X11; Linux x86_64) AppleWebKit/537.36 (KHTML, like Gecko) Chrome/92.0.4515.107 Safari/537.36"
::1 - - [01/Sep/2021:14:43:49 +0000] "OPTIONS /api/users/accounts/10 HTTP/1.1" 204 0 "http://localhost:8080/" "Mozilla/5.0 (X11; Linux x86_64) AppleWebKit/537.36 (KHTML, like Gecko) Chrome/92.0.4515.107 Safari/537.36"
::1 - - [01/Sep/2021:14:43:49 +0000] "GET /api/users/accounts/10 HTTP/1.1" 200 291 "http://localhost:8080/" "Mozilla/5.0 (X11; Linux x86_64) AppleWebKit/537.36 (KHTML, like Gecko) Chrome/92.0.4515.107 Safari/537.36"
::1 - - [01/Sep/2021:14:43:50 +0000] "OPTIONS /api/posts HTTP/1.1" 204 0 "http://localhost:8080/" "Mozilla/5.0 (X11; Linux x86_64) AppleWebKit/537.36 (KHTML, like Gecko) Chrome/92.0.4515.107 Safari/537.36"
::1 - - [01/Sep/2021:14:43:50 +0000] "GET /api/posts HTTP/1.1" 304 - "http://localhost:8080/" "Mozilla/5.0 (X11; Linux x86_64) AppleWebKit/537.36 (KHTML, like Gecko) Chrome/92.0.4515.107 Safari/537.36"
::1 - - [01/Sep/2021:14:43:50 +0000] "GET /upload/Avatar11630506105270.jpg HTTP/1.1" 304 - "http://localhost:8080/" "Mozilla/5.0 (X11; Linux x86_64) AppleWebKit/537.36 (KHTML, like Gecko) Chrome/92.0.4515.107 Safari/537.36"
::1 - - [01/Sep/2021:14:43:50 +0000] "GET /upload/soin1629724101834.jpg HTTP/1.1" 304 - "http://localhost:8080/" "Mozilla/5.0 (X11; Linux x86_64) AppleWebKit/537.36 (KHTML, like Gecko) Chrome/92.0.4515.107 Safari/537.36"
::1 - - [01/Sep/2021:14:43:50 +0000] "GET /upload/Avatar11629741419025.jpg HTTP/1.1" 304 - "http://localhost:8080/" "Mozilla/5.0 (X11; Linux x86_64) AppleWebKit/537.36 (KHTML, like Gecko) Chrome/92.0.4515.107 Safari/537.36"
::1 - - [01/Sep/2021:14:43:50 +0000] "GET /upload/imgcool1630415733613.jpg HTTP/1.1" 304 - "http://localhost:8080/" "Mozilla/5.0 (X11; Linux x86_64) AppleWebKit/537.36 (KHTML, like Gecko) Chrome/92.0.4515.107 Safari/537.36"
::1 - - [01/Sep/2021:14:44:08 +0000] "OPTIONS /api/users/accounts/10 HTTP/1.1" 204 0 "http://localhost:8080/" "Mozilla/5.0 (X11; Linux x86_64) AppleWebKit/537.36 (KHTML, like Gecko) Chrome/92.0.4515.107 Safari/537.36"
::1 - - [01/Sep/2021:14:44:08 +0000] "GET /api/users/accounts/10 HTTP/1.1" 304 - "http://localhost:8080/" "Mozilla/5.0 (X11; Linux x86_64) AppleWebKit/537.36 (KHTML, like Gecko) Chrome/92.0.4515.107 Safari/537.36"
::1 - - [01/Sep/2021:14:44:20 +0000] "OPTIONS /api/users/accounts HTTP/1.1" 204 0 "http://localhost:8080/" "Mozilla/5.0 (X11; Linux x86_64) AppleWebKit/537.36 (KHTML, like Gecko) Chrome/92.0.4515.107 Safari/537.36"
::1 - - [01/Sep/2021:14:44:20 +0000] "GET /api/users/accounts HTTP/1.1" 200 1047 "http://localhost:8080/" "Mozilla/5.0 (X11; Linux x86_64) AppleWebKit/537.36 (KHTML, like Gecko) Chrome/92.0.4515.107 Safari/537.36"
::1 - - [01/Sep/2021:14:44:20 +0000] "GET /upload/Avatar11629907589494.jpg HTTP/1.1" 304 - "http://localhost:8080/" "Mozilla/5.0 (X11; Linux x86_64) AppleWebKit/537.36 (KHTML, like Gecko) Chrome/92.0.4515.107 Safari/537.36"
::1 - - [01/Sep/2021:14:44:28 +0000] "OPTIONS /api/posts HTTP/1.1" 204 0 "http://localhost:8080/" "Mozilla/5.0 (X11; Linux x86_64) AppleWebKit/537.36 (KHTML, like Gecko) Chrome/92.0.4515.107 Safari/537.36"
::1 - - [01/Sep/2021:14:44:28 +0000] "GET /api/posts HTTP/1.1" 304 - "http://localhost:8080/" "Mozilla/5.0 (X11; Linux x86_64) AppleWebKit/537.36 (KHTML, like Gecko) Chrome/92.0.4515.107 Safari/537.36"
::1 - - [01/Sep/2021:14:44:44 +0000] "OPTIONS /api/posts/hot HTTP/1.1" 204 0 "http://localhost:8080/" "Mozilla/5.0 (X11; Linux x86_64) AppleWebKit/537.36 (KHTML, like Gecko) Chrome/92.0.4515.107 Safari/537.36"
::1 - - [01/Sep/2021:14:44:44 +0000] "GET /api/posts/hot HTTP/1.1" 200 2128 "http://localhost:8080/" "Mozilla/5.0 (X11; Linux x86_64) AppleWebKit/537.36 (KHTML, like Gecko) Chrome/92.0.4515.107 Safari/537.36"
::1 - - [01/Sep/2021:14:44:45 +0000] "OPTIONS /api/posts HTTP/1.1" 204 0 "http://localhost:8080/" "Mozilla/5.0 (X11; Linux x86_64) AppleWebKit/537.36 (KHTML, like Gecko) Chrome/92.0.4515.107 Safari/537.36"
::1 - - [01/Sep/2021:14:44:46 +0000] "GET /api/posts HTTP/1.1" 304 - "http://localhost:8080/" "Mozilla/5.0 (X11; Linux x86_64) AppleWebKit/537.36 (KHTML, like Gecko) Chrome/92.0.4515.107 Safari/537.36"
::1 - - [01/Sep/2021:14:44:48 +0000] "OPTIONS /api/users/accounts HTTP/1.1" 204 0 "http://localhost:8080/" "Mozilla/5.0 (X11; Linux x86_64) AppleWebKit/537.36 (KHTML, like Gecko) Chrome/92.0.4515.107 Safari/537.36"
::1 - - [01/Sep/2021:14:44:48 +0000] "GET /upload/Avatar11629907589494.jpg HTTP/1.1" 304 - "http://localhost:8080/" "Mozilla/5.0 (X11; Linux x86_64) AppleWebKit/537.36 (KHTML, like Gecko) Chrome/92.0.4515.107 Safari/537.36"
::1 - - [01/Sep/2021:14:44:48 +0000] "GET /api/users/accounts HTTP/1.1" 304 - "http://localhost:8080/" "Mozilla/5.0 (X11; Linux x86_64) AppleWebKit/537.36 (KHTML, like Gecko) Chrome/92.0.4515.107 Safari/537.36"
::1 - - [01/Sep/2021:14:44:54 +0000] "OPTIONS /api/users/accounts/10 HTTP/1.1" 204 0 "http://localhost:8080/" "Mozilla/5.0 (X11; Linux x86_64) AppleWebKit/537.36 (KHTML, like Gecko) Chrome/92.0.4515.107 Safari/537.36"
::1 - - [01/Sep/2021:14:44:54 +0000] "GET /api/users/accounts/10 HTTP/1.1" 304 - "http://localhost:8080/" "Mozilla/5.0 (X11; Linux x86_64) AppleWebKit/537.36 (KHTML, like Gecko) Chrome/92.0.4515.107 Safari/537.36"
::1 - - [01/Sep/2021:14:44:57 +0000] "OPTIONS /api/posts HTTP/1.1" 204 0 "http://localhost:8080/" "Mozilla/5.0 (X11; Linux x86_64) AppleWebKit/537.36 (KHTML, like Gecko) Chrome/92.0.4515.107 Safari/537.36"
::1 - - [01/Sep/2021:14:44:57 +0000] "GET /api/posts HTTP/1.1" 304 - "http://localhost:8080/" "Mozilla/5.0 (X11; Linux x86_64) AppleWebKit/537.36 (KHTML, like Gecko) Chrome/92.0.4515.107 Safari/537.36"
::1 - - [01/Sep/2021:14:45:20 +0000] "OPTIONS /api/users/login HTTP/1.1" 204 0 "http://localhost:8080/" "Mozilla/5.0 (X11; Linux x86_64) AppleWebKit/537.36 (KHTML, like Gecko) Chrome/92.0.4515.107 Safari/537.36"
::1 - - [01/Sep/2021:14:45:20 +0000] "POST /api/users/login HTTP/1.1" 401 51 "http://localhost:8080/" "Mozilla/5.0 (X11; Linux x86_64) AppleWebKit/537.36 (KHTML, like Gecko) Chrome/92.0.4515.107 Safari/537.36"
::1 - - [01/Sep/2021:14:45:41 +0000] "OPTIONS /api/users/login HTTP/1.1" 204 0 "http://localhost:8080/" "Mozilla/5.0 (X11; Linux x86_64) AppleWebKit/537.36 (KHTML, like Gecko) Chrome/92.0.4515.107 Safari/537.36"
::1 - - [01/Sep/2021:14:45:41 +0000] "POST /api/users/login HTTP/1.1" 401 51 "http://localhost:8080/" "Mozilla/5.0 (X11; Linux x86_64) AppleWebKit/537.36 (KHTML, like Gecko) Chrome/92.0.4515.107 Safari/537.36"
::1 - - [01/Sep/2021:14:46:06 +0000] "OPTIONS /api/users/login HTTP/1.1" 204 0 "http://localhost:8080/" "Mozilla/5.0 (X11; Linux x86_64) AppleWebKit/537.36 (KHTML, like Gecko) Chrome/92.0.4515.107 Safari/537.36"
::1 - - [01/Sep/2021:14:46:06 +0000] "POST /api/users/login HTTP/1.1" 401 51 "http://localhost:8080/" "Mozilla/5.0 (X11; Linux x86_64) AppleWebKit/537.36 (KHTML, like Gecko) Chrome/92.0.4515.107 Safari/537.36"
::1 - - [01/Sep/2021:14:46:25 +0000] "OPTIONS /api/users/login HTTP/1.1" 204 0 "http://localhost:8080/" "Mozilla/5.0 (X11; Linux x86_64) AppleWebKit/537.36 (KHTML, like Gecko) Chrome/92.0.4515.107 Safari/537.36"
::1 - - [01/Sep/2021:14:46:25 +0000] "POST /api/users/login HTTP/1.1" 200 464 "http://localhost:8080/" "Mozilla/5.0 (X11; Linux x86_64) AppleWebKit/537.36 (KHTML, like Gecko) Chrome/92.0.4515.107 Safari/537.36"
::1 - - [01/Sep/2021:14:46:25 +0000] "OPTIONS /api/users/accounts/2 HTTP/1.1" 204 0 "http://localhost:8080/" "Mozilla/5.0 (X11; Linux x86_64) AppleWebKit/537.36 (KHTML, like Gecko) Chrome/92.0.4515.107 Safari/537.36"
::1 - - [01/Sep/2021:14:46:25 +0000] "GET /api/users/accounts/2 HTTP/1.1" 304 - "http://localhost:8080/" "Mozilla/5.0 (X11; Linux x86_64) AppleWebKit/537.36 (KHTML, like Gecko) Chrome/92.0.4515.107 Safari/537.36"
::1 - - [01/Sep/2021:14:46:26 +0000] "OPTIONS /api/posts HTTP/1.1" 204 0 "http://localhost:8080/" "Mozilla/5.0 (X11; Linux x86_64) AppleWebKit/537.36 (KHTML, like Gecko) Chrome/92.0.4515.107 Safari/537.36"
::1 - - [01/Sep/2021:14:46:27 +0000] "GET /api/posts HTTP/1.1" 304 - "http://localhost:8080/" "Mozilla/5.0 (X11; Linux x86_64) AppleWebKit/537.36 (KHTML, like Gecko) Chrome/92.0.4515.107 Safari/537.36"
::1 - - [01/Sep/2021:14:46:31 +0000] "OPTIONS /api/users/accounts/2 HTTP/1.1" 204 0 "http://localhost:8080/" "Mozilla/5.0 (X11; Linux x86_64) AppleWebKit/537.36 (KHTML, like Gecko) Chrome/92.0.4515.107 Safari/537.36"
::1 - - [01/Sep/2021:14:46:31 +0000] "GET /api/users/accounts/2 HTTP/1.1" 304 - "http://localhost:8080/" "Mozilla/5.0 (X11; Linux x86_64) AppleWebKit/537.36 (KHTML, like Gecko) Chrome/92.0.4515.107 Safari/537.36"
::1 - - [01/Sep/2021:14:46:49 +0000] "OPTIONS /api/users/login HTTP/1.1" 204 0 "http://localhost:8080/" "Mozilla/5.0 (X11; Linux x86_64) AppleWebKit/537.36 (KHTML, like Gecko) Chrome/92.0.4515.107 Safari/537.36"
::1 - - [01/Sep/2021:14:46:50 +0000] "POST /api/users/login HTTP/1.1" 200 441 "http://localhost:8080/" "Mozilla/5.0 (X11; Linux x86_64) AppleWebKit/537.36 (KHTML, like Gecko) Chrome/92.0.4515.107 Safari/537.36"
::1 - - [01/Sep/2021:14:46:50 +0000] "OPTIONS /api/users/accounts/1 HTTP/1.1" 204 0 "http://localhost:8080/" "Mozilla/5.0 (X11; Linux x86_64) AppleWebKit/537.36 (KHTML, like Gecko) Chrome/92.0.4515.107 Safari/537.36"
::1 - - [01/Sep/2021:14:46:50 +0000] "GET /api/users/accounts/1 HTTP/1.1" 304 - "http://localhost:8080/" "Mozilla/5.0 (X11; Linux x86_64) AppleWebKit/537.36 (KHTML, like Gecko) Chrome/92.0.4515.107 Safari/537.36"
::1 - - [01/Sep/2021:14:46:51 +0000] "OPTIONS /api/posts HTTP/1.1" 204 0 "http://localhost:8080/" "Mozilla/5.0 (X11; Linux x86_64) AppleWebKit/537.36 (KHTML, like Gecko) Chrome/92.0.4515.107 Safari/537.36"
::1 - - [01/Sep/2021:14:46:51 +0000] "GET /api/posts HTTP/1.1" 304 - "http://localhost:8080/" "Mozilla/5.0 (X11; Linux x86_64) AppleWebKit/537.36 (KHTML, like Gecko) Chrome/92.0.4515.107 Safari/537.36"
::1 - - [01/Sep/2021:14:46:52 +0000] "OPTIONS /api/users/accounts HTTP/1.1" 204 0 "http://localhost:8080/" "Mozilla/5.0 (X11; Linux x86_64) AppleWebKit/537.36 (KHTML, like Gecko) Chrome/92.0.4515.107 Safari/537.36"
::1 - - [01/Sep/2021:14:46:52 +0000] "GET /upload/Avatar11629907589494.jpg HTTP/1.1" 304 - "http://localhost:8080/" "Mozilla/5.0 (X11; Linux x86_64) AppleWebKit/537.36 (KHTML, like Gecko) Chrome/92.0.4515.107 Safari/537.36"
::1 - - [01/Sep/2021:14:46:52 +0000] "GET /api/users/accounts HTTP/1.1" 304 - "http://localhost:8080/" "Mozilla/5.0 (X11; Linux x86_64) AppleWebKit/537.36 (KHTML, like Gecko) Chrome/92.0.4515.107 Safari/537.36"
::1 - - [01/Sep/2021:14:46:54 +0000] "OPTIONS /api/users/accounts/5 HTTP/1.1" 204 0 "http://localhost:8080/" "Mozilla/5.0 (X11; Linux x86_64) AppleWebKit/537.36 (KHTML, like Gecko) Chrome/92.0.4515.107 Safari/537.36"
::1 - - [01/Sep/2021:14:46:54 +0000] "DELETE /api/users/accounts/5 HTTP/1.1" 200 41 "http://localhost:8080/" "Mozilla/5.0 (X11; Linux x86_64) AppleWebKit/537.36 (KHTML, like Gecko) Chrome/92.0.4515.107 Safari/537.36"
::1 - - [01/Sep/2021:14:46:58 +0000] "OPTIONS /api/users/accounts HTTP/1.1" 204 0 "http://localhost:8080/" "Mozilla/5.0 (X11; Linux x86_64) AppleWebKit/537.36 (KHTML, like Gecko) Chrome/92.0.4515.107 Safari/537.36"
::1 - - [01/Sep/2021:14:46:58 +0000] "OPTIONS /api/users/accounts HTTP/1.1" 204 0 "http://localhost:8080/" "Mozilla/5.0 (X11; Linux x86_64) AppleWebKit/537.36 (KHTML, like Gecko) Chrome/92.0.4515.107 Safari/537.36"
::1 - - [01/Sep/2021:14:46:58 +0000] "OPTIONS /api/users/accounts/1 HTTP/1.1" 204 0 "http://localhost:8080/" "Mozilla/5.0 (X11; Linux x86_64) AppleWebKit/537.36 (KHTML, like Gecko) Chrome/92.0.4515.107 Safari/537.36"
::1 - - [01/Sep/2021:14:46:58 +0000] "GET /upload/soin1629724101834.jpg HTTP/1.1" 304 - "http://localhost:8080/" "Mozilla/5.0 (X11; Linux x86_64) AppleWebKit/537.36 (KHTML, like Gecko) Chrome/92.0.4515.107 Safari/537.36"
::1 - - [01/Sep/2021:14:46:58 +0000] "GET /upload/Avatar11629741419025.jpg HTTP/1.1" 304 - "http://localhost:8080/" "Mozilla/5.0 (X11; Linux x86_64) AppleWebKit/537.36 (KHTML, like Gecko) Chrome/92.0.4515.107 Safari/537.36"
::1 - - [01/Sep/2021:14:46:58 +0000] "GET /upload/Avatar11629907589494.jpg HTTP/1.1" 304 - "http://localhost:8080/" "Mozilla/5.0 (X11; Linux x86_64) AppleWebKit/537.36 (KHTML, like Gecko) Chrome/92.0.4515.107 Safari/537.36"
::1 - - [01/Sep/2021:14:46:58 +0000] "GET /upload/Avatar11630506105270.jpg HTTP/1.1" 304 - "http://localhost:8080/" "Mozilla/5.0 (X11; Linux x86_64) AppleWebKit/537.36 (KHTML, like Gecko) Chrome/92.0.4515.107 Safari/537.36"
::1 - - [01/Sep/2021:14:46:58 +0000] "GET /api/users/accounts HTTP/1.1" 304 - "http://localhost:8080/" "Mozilla/5.0 (X11; Linux x86_64) AppleWebKit/537.36 (KHTML, like Gecko) Chrome/92.0.4515.107 Safari/537.36"
::1 - - [01/Sep/2021:14:46:58 +0000] "GET /api/users/accounts/1 HTTP/1.1" 304 - "http://localhost:8080/" "Mozilla/5.0 (X11; Linux x86_64) AppleWebKit/537.36 (KHTML, like Gecko) Chrome/92.0.4515.107 Safari/537.36"
::1 - - [01/Sep/2021:14:46:58 +0000] "GET /api/users/accounts HTTP/1.1" 304 - "http://localhost:8080/" "Mozilla/5.0 (X11; Linux x86_64) AppleWebKit/537.36 (KHTML, like Gecko) Chrome/92.0.4515.107 Safari/537.36"
::1 - - [01/Sep/2021:14:48:59 +0000] "OPTIONS /api/users/accounts/5 HTTP/1.1" 204 0 "http://localhost:8080/" "Mozilla/5.0 (X11; Linux x86_64) AppleWebKit/537.36 (KHTML, like Gecko) Chrome/92.0.4515.107 Safari/537.36"
::1 - - [01/Sep/2021:14:48:59 +0000] "DELETE /api/users/accounts/5 HTTP/1.1" 200 41 "http://localhost:8080/" "Mozilla/5.0 (X11; Linux x86_64) AppleWebKit/537.36 (KHTML, like Gecko) Chrome/92.0.4515.107 Safari/537.36"
::1 - - [01/Sep/2021:14:49:05 +0000] "GET /upload/soin1629724101834.jpg HTTP/1.1" 304 - "http://localhost:8080/" "Mozilla/5.0 (X11; Linux x86_64) AppleWebKit/537.36 (KHTML, like Gecko) Chrome/92.0.4515.107 Safari/537.36"
::1 - - [01/Sep/2021:14:49:05 +0000] "GET /upload/Avatar11629741419025.jpg HTTP/1.1" 304 - "http://localhost:8080/" "Mozilla/5.0 (X11; Linux x86_64) AppleWebKit/537.36 (KHTML, like Gecko) Chrome/92.0.4515.107 Safari/537.36"
::1 - - [01/Sep/2021:14:49:05 +0000] "GET /upload/Avatar11629907589494.jpg HTTP/1.1" 304 - "http://localhost:8080/" "Mozilla/5.0 (X11; Linux x86_64) AppleWebKit/537.36 (KHTML, like Gecko) Chrome/92.0.4515.107 Safari/537.36"
::1 - - [01/Sep/2021:14:49:05 +0000] "GET /upload/Avatar11630506105270.jpg HTTP/1.1" 304 - "http://localhost:8080/" "Mozilla/5.0 (X11; Linux x86_64) AppleWebKit/537.36 (KHTML, like Gecko) Chrome/92.0.4515.107 Safari/537.36"
::1 - - [01/Sep/2021:14:49:05 +0000] "OPTIONS /api/users/accounts HTTP/1.1" 204 0 "http://localhost:8080/" "Mozilla/5.0 (X11; Linux x86_64) AppleWebKit/537.36 (KHTML, like Gecko) Chrome/92.0.4515.107 Safari/537.36"
::1 - - [01/Sep/2021:14:49:05 +0000] "OPTIONS /api/users/accounts HTTP/1.1" 204 0 "http://localhost:8080/" "Mozilla/5.0 (X11; Linux x86_64) AppleWebKit/537.36 (KHTML, like Gecko) Chrome/92.0.4515.107 Safari/537.36"
::1 - - [01/Sep/2021:14:49:05 +0000] "OPTIONS /api/users/accounts/1 HTTP/1.1" 204 0 "http://localhost:8080/" "Mozilla/5.0 (X11; Linux x86_64) AppleWebKit/537.36 (KHTML, like Gecko) Chrome/92.0.4515.107 Safari/537.36"
::1 - - [01/Sep/2021:14:49:05 +0000] "GET /api/users/accounts HTTP/1.1" 200 970 "http://localhost:8080/" "Mozilla/5.0 (X11; Linux x86_64) AppleWebKit/537.36 (KHTML, like Gecko) Chrome/92.0.4515.107 Safari/537.36"
::1 - - [01/Sep/2021:14:49:05 +0000] "GET /api/users/accounts/1 HTTP/1.1" 304 - "http://localhost:8080/" "Mozilla/5.0 (X11; Linux x86_64) AppleWebKit/537.36 (KHTML, like Gecko) Chrome/92.0.4515.107 Safari/537.36"
::1 - - [01/Sep/2021:14:49:05 +0000] "GET /api/users/accounts HTTP/1.1" 304 - "http://localhost:8080/" "Mozilla/5.0 (X11; Linux x86_64) AppleWebKit/537.36 (KHTML, like Gecko) Chrome/92.0.4515.107 Safari/537.36"
::1 - - [01/Sep/2021:14:56:37 +0000] "OPTIONS /api/users/accounts/3 HTTP/1.1" 204 0 "http://localhost:8080/" "Mozilla/5.0 (X11; Linux x86_64) AppleWebKit/537.36 (KHTML, like Gecko) Chrome/92.0.4515.107 Safari/537.36"
::1 - - [01/Sep/2021:15:00:15 +0000] "OPTIONS /api/users/accounts/3 HTTP/1.1" 204 0 "http://localhost:8080/" "Mozilla/5.0 (X11; Linux x86_64) AppleWebKit/537.36 (KHTML, like Gecko) Chrome/92.0.4515.107 Safari/537.36"
::1 - - [01/Sep/2021:15:02:23 +0000] "OPTIONS /api/users/accounts/3 HTTP/1.1" 204 0 "http://localhost:8080/" "Mozilla/5.0 (X11; Linux x86_64) AppleWebKit/537.36 (KHTML, like Gecko) Chrome/92.0.4515.107 Safari/537.36"
::1 - - [01/Sep/2021:15:02:23 +0000] "DELETE /api/users/accounts/3 HTTP/1.1" 200 41 "http://localhost:8080/" "Mozilla/5.0 (X11; Linux x86_64) AppleWebKit/537.36 (KHTML, like Gecko) Chrome/92.0.4515.107 Safari/537.36"
::1 - - [01/Sep/2021:15:02:29 +0000] "GET /upload/Avatar11629741419025.jpg HTTP/1.1" 304 - "http://localhost:8080/" "Mozilla/5.0 (X11; Linux x86_64) AppleWebKit/537.36 (KHTML, like Gecko) Chrome/92.0.4515.107 Safari/537.36"
::1 - - [01/Sep/2021:15:02:29 +0000] "GET /upload/Avatar11629907589494.jpg HTTP/1.1" 304 - "http://localhost:8080/" "Mozilla/5.0 (X11; Linux x86_64) AppleWebKit/537.36 (KHTML, like Gecko) Chrome/92.0.4515.107 Safari/537.36"
::1 - - [01/Sep/2021:15:02:29 +0000] "GET /upload/Avatar11630506105270.jpg HTTP/1.1" 304 - "http://localhost:8080/" "Mozilla/5.0 (X11; Linux x86_64) AppleWebKit/537.36 (KHTML, like Gecko) Chrome/92.0.4515.107 Safari/537.36"
::1 - - [01/Sep/2021:15:02:29 +0000] "OPTIONS /api/users/accounts HTTP/1.1" 204 0 "http://localhost:8080/" "Mozilla/5.0 (X11; Linux x86_64) AppleWebKit/537.36 (KHTML, like Gecko) Chrome/92.0.4515.107 Safari/537.36"
::1 - - [01/Sep/2021:15:02:29 +0000] "OPTIONS /api/users/accounts HTTP/1.1" 204 0 "http://localhost:8080/" "Mozilla/5.0 (X11; Linux x86_64) AppleWebKit/537.36 (KHTML, like Gecko) Chrome/92.0.4515.107 Safari/537.36"
::1 - - [01/Sep/2021:15:02:29 +0000] "OPTIONS /api/users/accounts/1 HTTP/1.1" 204 0 "http://localhost:8080/" "Mozilla/5.0 (X11; Linux x86_64) AppleWebKit/537.36 (KHTML, like Gecko) Chrome/92.0.4515.107 Safari/537.36"
::1 - - [01/Sep/2021:15:02:29 +0000] "GET /api/users/accounts HTTP/1.1" 304 - "http://localhost:8080/" "Mozilla/5.0 (X11; Linux x86_64) AppleWebKit/537.36 (KHTML, like Gecko) Chrome/92.0.4515.107 Safari/537.36"
::1 - - [01/Sep/2021:15:02:29 +0000] "GET /api/users/accounts/1 HTTP/1.1" 304 - "http://localhost:8080/" "Mozilla/5.0 (X11; Linux x86_64) AppleWebKit/537.36 (KHTML, like Gecko) Chrome/92.0.4515.107 Safari/537.36"
::1 - - [01/Sep/2021:15:02:29 +0000] "GET /api/users/accounts HTTP/1.1" 304 - "http://localhost:8080/" "Mozilla/5.0 (X11; Linux x86_64) AppleWebKit/537.36 (KHTML, like Gecko) Chrome/92.0.4515.107 Safari/537.36"
::1 - - [01/Sep/2021:15:02:29 +0000] "GET /upload/soin1629724101834.jpg HTTP/1.1" 404 167 "http://localhost:8080/" "Mozilla/5.0 (X11; Linux x86_64) AppleWebKit/537.36 (KHTML, like Gecko) Chrome/92.0.4515.107 Safari/537.36"
::1 - - [01/Sep/2021:15:04:22 +0000] "OPTIONS /api/users/accounts/3 HTTP/1.1" 204 0 "http://localhost:8080/" "Mozilla/5.0 (X11; Linux x86_64) AppleWebKit/537.36 (KHTML, like Gecko) Chrome/92.0.4515.107 Safari/537.36"
::1 - - [01/Sep/2021:15:04:22 +0000] "DELETE /api/users/accounts/3 HTTP/1.1" 200 41 "http://localhost:8080/" "Mozilla/5.0 (X11; Linux x86_64) AppleWebKit/537.36 (KHTML, like Gecko) Chrome/92.0.4515.107 Safari/537.36"
::1 - - [01/Sep/2021:15:04:39 +0000] "GET /upload/Avatar11629741419025.jpg HTTP/1.1" 304 - "http://localhost:8080/" "Mozilla/5.0 (X11; Linux x86_64) AppleWebKit/537.36 (KHTML, like Gecko) Chrome/92.0.4515.107 Safari/537.36"
::1 - - [01/Sep/2021:15:04:39 +0000] "GET /upload/Avatar11629907589494.jpg HTTP/1.1" 304 - "http://localhost:8080/" "Mozilla/5.0 (X11; Linux x86_64) AppleWebKit/537.36 (KHTML, like Gecko) Chrome/92.0.4515.107 Safari/537.36"
::1 - - [01/Sep/2021:15:04:39 +0000] "GET /upload/Avatar11630506105270.jpg HTTP/1.1" 304 - "http://localhost:8080/" "Mozilla/5.0 (X11; Linux x86_64) AppleWebKit/537.36 (KHTML, like Gecko) Chrome/92.0.4515.107 Safari/537.36"
::1 - - [01/Sep/2021:15:04:39 +0000] "OPTIONS /api/users/accounts HTTP/1.1" 204 0 "http://localhost:8080/" "Mozilla/5.0 (X11; Linux x86_64) AppleWebKit/537.36 (KHTML, like Gecko) Chrome/92.0.4515.107 Safari/537.36"
::1 - - [01/Sep/2021:15:04:39 +0000] "OPTIONS /api/users/accounts HTTP/1.1" 204 0 "http://localhost:8080/" "Mozilla/5.0 (X11; Linux x86_64) AppleWebKit/537.36 (KHTML, like Gecko) Chrome/92.0.4515.107 Safari/537.36"
::1 - - [01/Sep/2021:15:04:39 +0000] "OPTIONS /api/users/accounts/1 HTTP/1.1" 204 0 "http://localhost:8080/" "Mozilla/5.0 (X11; Linux x86_64) AppleWebKit/537.36 (KHTML, like Gecko) Chrome/92.0.4515.107 Safari/537.36"
::1 - - [01/Sep/2021:15:04:39 +0000] "GET /api/users/accounts HTTP/1.1" 304 - "http://localhost:8080/" "Mozilla/5.0 (X11; Linux x86_64) AppleWebKit/537.36 (KHTML, like Gecko) Chrome/92.0.4515.107 Safari/537.36"
::1 - - [01/Sep/2021:15:04:39 +0000] "GET /api/users/accounts/1 HTTP/1.1" 304 - "http://localhost:8080/" "Mozilla/5.0 (X11; Linux x86_64) AppleWebKit/537.36 (KHTML, like Gecko) Chrome/92.0.4515.107 Safari/537.36"
::1 - - [01/Sep/2021:15:04:39 +0000] "GET /api/users/accounts HTTP/1.1" 304 - "http://localhost:8080/" "Mozilla/5.0 (X11; Linux x86_64) AppleWebKit/537.36 (KHTML, like Gecko) Chrome/92.0.4515.107 Safari/537.36"
::1 - - [01/Sep/2021:15:04:39 +0000] "GET /upload/soin1629724101834.jpg HTTP/1.1" 404 167 "http://localhost:8080/" "Mozilla/5.0 (X11; Linux x86_64) AppleWebKit/537.36 (KHTML, like Gecko) Chrome/92.0.4515.107 Safari/537.36"
::1 - - [01/Sep/2021:15:06:01 +0000] "OPTIONS /api/users/accounts/3 HTTP/1.1" 204 0 "http://localhost:8080/" "Mozilla/5.0 (X11; Linux x86_64) AppleWebKit/537.36 (KHTML, like Gecko) Chrome/92.0.4515.107 Safari/537.36"
::1 - - [01/Sep/2021:15:06:01 +0000] "DELETE /api/users/accounts/3 HTTP/1.1" 200 41 "http://localhost:8080/" "Mozilla/5.0 (X11; Linux x86_64) AppleWebKit/537.36 (KHTML, like Gecko) Chrome/92.0.4515.107 Safari/537.36"
::1 - - [01/Sep/2021:15:06:03 +0000] "GET /upload/Avatar11629741419025.jpg HTTP/1.1" 304 - "http://localhost:8080/" "Mozilla/5.0 (X11; Linux x86_64) AppleWebKit/537.36 (KHTML, like Gecko) Chrome/92.0.4515.107 Safari/537.36"
::1 - - [01/Sep/2021:15:06:03 +0000] "GET /upload/Avatar11629907589494.jpg HTTP/1.1" 304 - "http://localhost:8080/" "Mozilla/5.0 (X11; Linux x86_64) AppleWebKit/537.36 (KHTML, like Gecko) Chrome/92.0.4515.107 Safari/537.36"
::1 - - [01/Sep/2021:15:06:03 +0000] "GET /upload/Avatar11630506105270.jpg HTTP/1.1" 304 - "http://localhost:8080/" "Mozilla/5.0 (X11; Linux x86_64) AppleWebKit/537.36 (KHTML, like Gecko) Chrome/92.0.4515.107 Safari/537.36"
::1 - - [01/Sep/2021:15:06:03 +0000] "OPTIONS /api/users/accounts HTTP/1.1" 204 0 "http://localhost:8080/" "Mozilla/5.0 (X11; Linux x86_64) AppleWebKit/537.36 (KHTML, like Gecko) Chrome/92.0.4515.107 Safari/537.36"
::1 - - [01/Sep/2021:15:06:03 +0000] "OPTIONS /api/users/accounts HTTP/1.1" 204 0 "http://localhost:8080/" "Mozilla/5.0 (X11; Linux x86_64) AppleWebKit/537.36 (KHTML, like Gecko) Chrome/92.0.4515.107 Safari/537.36"
::1 - - [01/Sep/2021:15:06:03 +0000] "OPTIONS /api/users/accounts/1 HTTP/1.1" 204 0 "http://localhost:8080/" "Mozilla/5.0 (X11; Linux x86_64) AppleWebKit/537.36 (KHTML, like Gecko) Chrome/92.0.4515.107 Safari/537.36"
::1 - - [01/Sep/2021:15:06:03 +0000] "GET /api/users/accounts HTTP/1.1" 304 - "http://localhost:8080/" "Mozilla/5.0 (X11; Linux x86_64) AppleWebKit/537.36 (KHTML, like Gecko) Chrome/92.0.4515.107 Safari/537.36"
::1 - - [01/Sep/2021:15:06:03 +0000] "GET /api/users/accounts/1 HTTP/1.1" 304 - "http://localhost:8080/" "Mozilla/5.0 (X11; Linux x86_64) AppleWebKit/537.36 (KHTML, like Gecko) Chrome/92.0.4515.107 Safari/537.36"
::1 - - [01/Sep/2021:15:06:03 +0000] "GET /api/users/accounts HTTP/1.1" 304 - "http://localhost:8080/" "Mozilla/5.0 (X11; Linux x86_64) AppleWebKit/537.36 (KHTML, like Gecko) Chrome/92.0.4515.107 Safari/537.36"
::1 - - [01/Sep/2021:15:06:03 +0000] "GET /upload/soin1629724101834.jpg HTTP/1.1" 404 167 "http://localhost:8080/" "Mozilla/5.0 (X11; Linux x86_64) AppleWebKit/537.36 (KHTML, like Gecko) Chrome/92.0.4515.107 Safari/537.36"
::1 - - [01/Sep/2021:15:09:14 +0000] "OPTIONS /api/users/accounts/3 HTTP/1.1" 204 0 "http://localhost:8080/" "Mozilla/5.0 (X11; Linux x86_64) AppleWebKit/537.36 (KHTML, like Gecko) Chrome/92.0.4515.107 Safari/537.36"
::1 - - [01/Sep/2021:15:09:14 +0000] "DELETE /api/users/accounts/3 HTTP/1.1" 200 41 "http://localhost:8080/" "Mozilla/5.0 (X11; Linux x86_64) AppleWebKit/537.36 (KHTML, like Gecko) Chrome/92.0.4515.107 Safari/537.36"
::1 - - [01/Sep/2021:15:09:16 +0000] "GET /upload/Avatar11629741419025.jpg HTTP/1.1" 304 - "http://localhost:8080/" "Mozilla/5.0 (X11; Linux x86_64) AppleWebKit/537.36 (KHTML, like Gecko) Chrome/92.0.4515.107 Safari/537.36"
::1 - - [01/Sep/2021:15:09:16 +0000] "GET /upload/Avatar11629907589494.jpg HTTP/1.1" 304 - "http://localhost:8080/" "Mozilla/5.0 (X11; Linux x86_64) AppleWebKit/537.36 (KHTML, like Gecko) Chrome/92.0.4515.107 Safari/537.36"
::1 - - [01/Sep/2021:15:09:16 +0000] "GET /upload/Avatar11630506105270.jpg HTTP/1.1" 304 - "http://localhost:8080/" "Mozilla/5.0 (X11; Linux x86_64) AppleWebKit/537.36 (KHTML, like Gecko) Chrome/92.0.4515.107 Safari/537.36"
::1 - - [01/Sep/2021:15:09:17 +0000] "OPTIONS /api/users/accounts HTTP/1.1" 204 0 "http://localhost:8080/" "Mozilla/5.0 (X11; Linux x86_64) AppleWebKit/537.36 (KHTML, like Gecko) Chrome/92.0.4515.107 Safari/537.36"
::1 - - [01/Sep/2021:15:09:17 +0000] "OPTIONS /api/users/accounts HTTP/1.1" 204 0 "http://localhost:8080/" "Mozilla/5.0 (X11; Linux x86_64) AppleWebKit/537.36 (KHTML, like Gecko) Chrome/92.0.4515.107 Safari/537.36"
::1 - - [01/Sep/2021:15:09:17 +0000] "OPTIONS /api/users/accounts/1 HTTP/1.1" 204 0 "http://localhost:8080/" "Mozilla/5.0 (X11; Linux x86_64) AppleWebKit/537.36 (KHTML, like Gecko) Chrome/92.0.4515.107 Safari/537.36"
::1 - - [01/Sep/2021:15:09:17 +0000] "GET /api/users/accounts HTTP/1.1" 304 - "http://localhost:8080/" "Mozilla/5.0 (X11; Linux x86_64) AppleWebKit/537.36 (KHTML, like Gecko) Chrome/92.0.4515.107 Safari/537.36"
::1 - - [01/Sep/2021:15:09:17 +0000] "GET /api/users/accounts/1 HTTP/1.1" 304 - "http://localhost:8080/" "Mozilla/5.0 (X11; Linux x86_64) AppleWebKit/537.36 (KHTML, like Gecko) Chrome/92.0.4515.107 Safari/537.36"
::1 - - [01/Sep/2021:15:09:17 +0000] "GET /api/users/accounts HTTP/1.1" 304 - "http://localhost:8080/" "Mozilla/5.0 (X11; Linux x86_64) AppleWebKit/537.36 (KHTML, like Gecko) Chrome/92.0.4515.107 Safari/537.36"
::1 - - [01/Sep/2021:15:09:17 +0000] "GET /upload/soin1629724101834.jpg HTTP/1.1" 404 167 "http://localhost:8080/" "Mozilla/5.0 (X11; Linux x86_64) AppleWebKit/537.36 (KHTML, like Gecko) Chrome/92.0.4515.107 Safari/537.36"
::1 - - [01/Sep/2021:15:13:09 +0000] "OPTIONS /api/users/accounts/3 HTTP/1.1" 204 0 "http://localhost:8080/" "Mozilla/5.0 (X11; Linux x86_64) AppleWebKit/537.36 (KHTML, like Gecko) Chrome/92.0.4515.107 Safari/537.36"
::1 - - [01/Sep/2021:15:13:09 +0000] "DELETE /api/users/accounts/3 HTTP/1.1" 200 41 "http://localhost:8080/" "Mozilla/5.0 (X11; Linux x86_64) AppleWebKit/537.36 (KHTML, like Gecko) Chrome/92.0.4515.107 Safari/537.36"
::1 - - [01/Sep/2021:15:13:12 +0000] "GET /upload/Avatar11629741419025.jpg HTTP/1.1" 304 - "http://localhost:8080/" "Mozilla/5.0 (X11; Linux x86_64) AppleWebKit/537.36 (KHTML, like Gecko) Chrome/92.0.4515.107 Safari/537.36"
::1 - - [01/Sep/2021:15:13:12 +0000] "GET /upload/Avatar11629907589494.jpg HTTP/1.1" 304 - "http://localhost:8080/" "Mozilla/5.0 (X11; Linux x86_64) AppleWebKit/537.36 (KHTML, like Gecko) Chrome/92.0.4515.107 Safari/537.36"
::1 - - [01/Sep/2021:15:13:12 +0000] "GET /upload/Avatar11630506105270.jpg HTTP/1.1" 304 - "http://localhost:8080/" "Mozilla/5.0 (X11; Linux x86_64) AppleWebKit/537.36 (KHTML, like Gecko) Chrome/92.0.4515.107 Safari/537.36"
::1 - - [01/Sep/2021:15:13:12 +0000] "OPTIONS /api/users/accounts HTTP/1.1" 204 0 "http://localhost:8080/" "Mozilla/5.0 (X11; Linux x86_64) AppleWebKit/537.36 (KHTML, like Gecko) Chrome/92.0.4515.107 Safari/537.36"
::1 - - [01/Sep/2021:15:13:12 +0000] "OPTIONS /api/users/accounts HTTP/1.1" 204 0 "http://localhost:8080/" "Mozilla/5.0 (X11; Linux x86_64) AppleWebKit/537.36 (KHTML, like Gecko) Chrome/92.0.4515.107 Safari/537.36"
::1 - - [01/Sep/2021:15:13:12 +0000] "OPTIONS /api/users/accounts/1 HTTP/1.1" 204 0 "http://localhost:8080/" "Mozilla/5.0 (X11; Linux x86_64) AppleWebKit/537.36 (KHTML, like Gecko) Chrome/92.0.4515.107 Safari/537.36"
::1 - - [01/Sep/2021:15:13:12 +0000] "GET /api/users/accounts HTTP/1.1" 304 - "http://localhost:8080/" "Mozilla/5.0 (X11; Linux x86_64) AppleWebKit/537.36 (KHTML, like Gecko) Chrome/92.0.4515.107 Safari/537.36"
::1 - - [01/Sep/2021:15:13:12 +0000] "GET /api/users/accounts/1 HTTP/1.1" 304 - "http://localhost:8080/" "Mozilla/5.0 (X11; Linux x86_64) AppleWebKit/537.36 (KHTML, like Gecko) Chrome/92.0.4515.107 Safari/537.36"
::1 - - [01/Sep/2021:15:13:12 +0000] "GET /api/users/accounts HTTP/1.1" 304 - "http://localhost:8080/" "Mozilla/5.0 (X11; Linux x86_64) AppleWebKit/537.36 (KHTML, like Gecko) Chrome/92.0.4515.107 Safari/537.36"
::1 - - [01/Sep/2021:15:13:12 +0000] "GET /upload/soin1629724101834.jpg HTTP/1.1" 404 167 "http://localhost:8080/" "Mozilla/5.0 (X11; Linux x86_64) AppleWebKit/537.36 (KHTML, like Gecko) Chrome/92.0.4515.107 Safari/537.36"
::1 - - [01/Sep/2021:15:18:38 +0000] "OPTIONS /api/users/accounts/8 HTTP/1.1" 204 0 "http://localhost:8080/" "Mozilla/5.0 (X11; Linux x86_64) AppleWebKit/537.36 (KHTML, like Gecko) Chrome/92.0.4515.107 Safari/537.36"
::1 - - [01/Sep/2021:15:18:38 +0000] "DELETE /api/users/accounts/8 HTTP/1.1" 200 41 "http://localhost:8080/" "Mozilla/5.0 (X11; Linux x86_64) AppleWebKit/537.36 (KHTML, like Gecko) Chrome/92.0.4515.107 Safari/537.36"
::1 - - [01/Sep/2021:15:18:40 +0000] "GET /upload/Avatar11629741419025.jpg HTTP/1.1" 304 - "http://localhost:8080/" "Mozilla/5.0 (X11; Linux x86_64) AppleWebKit/537.36 (KHTML, like Gecko) Chrome/92.0.4515.107 Safari/537.36"
::1 - - [01/Sep/2021:15:18:40 +0000] "GET /upload/Avatar11629907589494.jpg HTTP/1.1" 304 - "http://localhost:8080/" "Mozilla/5.0 (X11; Linux x86_64) AppleWebKit/537.36 (KHTML, like Gecko) Chrome/92.0.4515.107 Safari/537.36"
::1 - - [01/Sep/2021:15:18:40 +0000] "GET /upload/Avatar11630506105270.jpg HTTP/1.1" 304 - "http://localhost:8080/" "Mozilla/5.0 (X11; Linux x86_64) AppleWebKit/537.36 (KHTML, like Gecko) Chrome/92.0.4515.107 Safari/537.36"
::1 - - [01/Sep/2021:15:18:40 +0000] "OPTIONS /api/users/accounts HTTP/1.1" 204 0 "http://localhost:8080/" "Mozilla/5.0 (X11; Linux x86_64) AppleWebKit/537.36 (KHTML, like Gecko) Chrome/92.0.4515.107 Safari/537.36"
::1 - - [01/Sep/2021:15:18:40 +0000] "GET /upload/soin1629724101834.jpg HTTP/1.1" 404 167 "http://localhost:8080/" "Mozilla/5.0 (X11; Linux x86_64) AppleWebKit/537.36 (KHTML, like Gecko) Chrome/92.0.4515.107 Safari/537.36"
::1 - - [01/Sep/2021:15:18:40 +0000] "OPTIONS /api/users/accounts HTTP/1.1" 204 0 "http://localhost:8080/" "Mozilla/5.0 (X11; Linux x86_64) AppleWebKit/537.36 (KHTML, like Gecko) Chrome/92.0.4515.107 Safari/537.36"
::1 - - [01/Sep/2021:15:18:40 +0000] "OPTIONS /api/users/accounts/1 HTTP/1.1" 204 0 "http://localhost:8080/" "Mozilla/5.0 (X11; Linux x86_64) AppleWebKit/537.36 (KHTML, like Gecko) Chrome/92.0.4515.107 Safari/537.36"
::1 - - [01/Sep/2021:15:18:40 +0000] "GET /api/users/accounts HTTP/1.1" 200 897 "http://localhost:8080/" "Mozilla/5.0 (X11; Linux x86_64) AppleWebKit/537.36 (KHTML, like Gecko) Chrome/92.0.4515.107 Safari/537.36"
::1 - - [01/Sep/2021:15:18:40 +0000] "GET /api/users/accounts/1 HTTP/1.1" 304 - "http://localhost:8080/" "Mozilla/5.0 (X11; Linux x86_64) AppleWebKit/537.36 (KHTML, like Gecko) Chrome/92.0.4515.107 Safari/537.36"
::1 - - [01/Sep/2021:15:18:40 +0000] "GET /api/users/accounts HTTP/1.1" 304 - "http://localhost:8080/" "Mozilla/5.0 (X11; Linux x86_64) AppleWebKit/537.36 (KHTML, like Gecko) Chrome/92.0.4515.107 Safari/537.36"
::1 - - [01/Sep/2021:15:18:56 +0000] "OPTIONS /api/users/accounts/7 HTTP/1.1" 204 0 "http://localhost:8080/" "Mozilla/5.0 (X11; Linux x86_64) AppleWebKit/537.36 (KHTML, like Gecko) Chrome/92.0.4515.107 Safari/537.36"
::1 - - [01/Sep/2021:15:18:56 +0000] "DELETE /api/users/accounts/7 HTTP/1.1" 200 41 "http://localhost:8080/" "Mozilla/5.0 (X11; Linux x86_64) AppleWebKit/537.36 (KHTML, like Gecko) Chrome/92.0.4515.107 Safari/537.36"
::1 - - [01/Sep/2021:15:18:58 +0000] "GET /upload/Avatar11629741419025.jpg HTTP/1.1" 304 - "http://localhost:8080/" "Mozilla/5.0 (X11; Linux x86_64) AppleWebKit/537.36 (KHTML, like Gecko) Chrome/92.0.4515.107 Safari/537.36"
::1 - - [01/Sep/2021:15:18:58 +0000] "GET /upload/Avatar11629907589494.jpg HTTP/1.1" 304 - "http://localhost:8080/" "Mozilla/5.0 (X11; Linux x86_64) AppleWebKit/537.36 (KHTML, like Gecko) Chrome/92.0.4515.107 Safari/537.36"
::1 - - [01/Sep/2021:15:18:58 +0000] "GET /upload/Avatar11630506105270.jpg HTTP/1.1" 304 - "http://localhost:8080/" "Mozilla/5.0 (X11; Linux x86_64) AppleWebKit/537.36 (KHTML, like Gecko) Chrome/92.0.4515.107 Safari/537.36"
::1 - - [01/Sep/2021:15:18:58 +0000] "OPTIONS /api/users/accounts HTTP/1.1" 204 0 "http://localhost:8080/" "Mozilla/5.0 (X11; Linux x86_64) AppleWebKit/537.36 (KHTML, like Gecko) Chrome/92.0.4515.107 Safari/537.36"
::1 - - [01/Sep/2021:15:18:58 +0000] "GET /upload/soin1629724101834.jpg HTTP/1.1" 404 167 "http://localhost:8080/" "Mozilla/5.0 (X11; Linux x86_64) AppleWebKit/537.36 (KHTML, like Gecko) Chrome/92.0.4515.107 Safari/537.36"
::1 - - [01/Sep/2021:15:18:58 +0000] "OPTIONS /api/users/accounts HTTP/1.1" 204 0 "http://localhost:8080/" "Mozilla/5.0 (X11; Linux x86_64) AppleWebKit/537.36 (KHTML, like Gecko) Chrome/92.0.4515.107 Safari/537.36"
::1 - - [01/Sep/2021:15:18:58 +0000] "OPTIONS /api/users/accounts/1 HTTP/1.1" 204 0 "http://localhost:8080/" "Mozilla/5.0 (X11; Linux x86_64) AppleWebKit/537.36 (KHTML, like Gecko) Chrome/92.0.4515.107 Safari/537.36"
::1 - - [01/Sep/2021:15:18:58 +0000] "GET /api/users/accounts HTTP/1.1" 200 822 "http://localhost:8080/" "Mozilla/5.0 (X11; Linux x86_64) AppleWebKit/537.36 (KHTML, like Gecko) Chrome/92.0.4515.107 Safari/537.36"
::1 - - [01/Sep/2021:15:18:58 +0000] "GET /api/users/accounts/1 HTTP/1.1" 304 - "http://localhost:8080/" "Mozilla/5.0 (X11; Linux x86_64) AppleWebKit/537.36 (KHTML, like Gecko) Chrome/92.0.4515.107 Safari/537.36"
::1 - - [01/Sep/2021:15:18:58 +0000] "GET /api/users/accounts HTTP/1.1" 304 - "http://localhost:8080/" "Mozilla/5.0 (X11; Linux x86_64) AppleWebKit/537.36 (KHTML, like Gecko) Chrome/92.0.4515.107 Safari/537.36"
::1 - - [01/Sep/2021:15:19:05 +0000] "OPTIONS /api/users/accounts/9 HTTP/1.1" 204 0 "http://localhost:8080/" "Mozilla/5.0 (X11; Linux x86_64) AppleWebKit/537.36 (KHTML, like Gecko) Chrome/92.0.4515.107 Safari/537.36"
::1 - - [01/Sep/2021:15:19:05 +0000] "DELETE /api/users/accounts/9 HTTP/1.1" 200 41 "http://localhost:8080/" "Mozilla/5.0 (X11; Linux x86_64) AppleWebKit/537.36 (KHTML, like Gecko) Chrome/92.0.4515.107 Safari/537.36"
::1 - - [01/Sep/2021:15:19:06 +0000] "GET /upload/Avatar11629741419025.jpg HTTP/1.1" 304 - "http://localhost:8080/" "Mozilla/5.0 (X11; Linux x86_64) AppleWebKit/537.36 (KHTML, like Gecko) Chrome/92.0.4515.107 Safari/537.36"
::1 - - [01/Sep/2021:15:19:06 +0000] "GET /upload/Avatar11629907589494.jpg HTTP/1.1" 304 - "http://localhost:8080/" "Mozilla/5.0 (X11; Linux x86_64) AppleWebKit/537.36 (KHTML, like Gecko) Chrome/92.0.4515.107 Safari/537.36"
::1 - - [01/Sep/2021:15:19:06 +0000] "OPTIONS /api/users/accounts HTTP/1.1" 204 0 "http://localhost:8080/" "Mozilla/5.0 (X11; Linux x86_64) AppleWebKit/537.36 (KHTML, like Gecko) Chrome/92.0.4515.107 Safari/537.36"
::1 - - [01/Sep/2021:15:19:06 +0000] "GET /upload/soin1629724101834.jpg HTTP/1.1" 404 167 "http://localhost:8080/" "Mozilla/5.0 (X11; Linux x86_64) AppleWebKit/537.36 (KHTML, like Gecko) Chrome/92.0.4515.107 Safari/537.36"
::1 - - [01/Sep/2021:15:19:06 +0000] "OPTIONS /api/users/accounts/1 HTTP/1.1" 204 0 "http://localhost:8080/" "Mozilla/5.0 (X11; Linux x86_64) AppleWebKit/537.36 (KHTML, like Gecko) Chrome/92.0.4515.107 Safari/537.36"
::1 - - [01/Sep/2021:15:19:06 +0000] "OPTIONS /api/users/accounts HTTP/1.1" 204 0 "http://localhost:8080/" "Mozilla/5.0 (X11; Linux x86_64) AppleWebKit/537.36 (KHTML, like Gecko) Chrome/92.0.4515.107 Safari/537.36"
::1 - - [01/Sep/2021:15:19:06 +0000] "GET /api/users/accounts HTTP/1.1" 200 643 "http://localhost:8080/" "Mozilla/5.0 (X11; Linux x86_64) AppleWebKit/537.36 (KHTML, like Gecko) Chrome/92.0.4515.107 Safari/537.36"
::1 - - [01/Sep/2021:15:19:06 +0000] "GET /api/users/accounts/1 HTTP/1.1" 304 - "http://localhost:8080/" "Mozilla/5.0 (X11; Linux x86_64) AppleWebKit/537.36 (KHTML, like Gecko) Chrome/92.0.4515.107 Safari/537.36"
::1 - - [01/Sep/2021:15:19:06 +0000] "GET /api/users/accounts HTTP/1.1" 304 - "http://localhost:8080/" "Mozilla/5.0 (X11; Linux x86_64) AppleWebKit/537.36 (KHTML, like Gecko) Chrome/92.0.4515.107 Safari/537.36"
::1 - - [01/Sep/2021:15:19:11 +0000] "OPTIONS /api/users/accounts/3 HTTP/1.1" 204 0 "http://localhost:8080/" "Mozilla/5.0 (X11; Linux x86_64) AppleWebKit/537.36 (KHTML, like Gecko) Chrome/92.0.4515.107 Safari/537.36"
::1 - - [01/Sep/2021:15:19:11 +0000] "DELETE /api/users/accounts/3 HTTP/1.1" 200 41 "http://localhost:8080/" "Mozilla/5.0 (X11; Linux x86_64) AppleWebKit/537.36 (KHTML, like Gecko) Chrome/92.0.4515.107 Safari/537.36"
::1 - - [01/Sep/2021:15:19:12 +0000] "GET /upload/Avatar11629741419025.jpg HTTP/1.1" 304 - "http://localhost:8080/" "Mozilla/5.0 (X11; Linux x86_64) AppleWebKit/537.36 (KHTML, like Gecko) Chrome/92.0.4515.107 Safari/537.36"
::1 - - [01/Sep/2021:15:19:12 +0000] "GET /upload/Avatar11629907589494.jpg HTTP/1.1" 304 - "http://localhost:8080/" "Mozilla/5.0 (X11; Linux x86_64) AppleWebKit/537.36 (KHTML, like Gecko) Chrome/92.0.4515.107 Safari/537.36"
::1 - - [01/Sep/2021:15:19:12 +0000] "OPTIONS /api/users/accounts HTTP/1.1" 204 0 "http://localhost:8080/" "Mozilla/5.0 (X11; Linux x86_64) AppleWebKit/537.36 (KHTML, like Gecko) Chrome/92.0.4515.107 Safari/537.36"
::1 - - [01/Sep/2021:15:19:12 +0000] "OPTIONS /api/users/accounts HTTP/1.1" 204 0 "http://localhost:8080/" "Mozilla/5.0 (X11; Linux x86_64) AppleWebKit/537.36 (KHTML, like Gecko) Chrome/92.0.4515.107 Safari/537.36"
::1 - - [01/Sep/2021:15:19:12 +0000] "OPTIONS /api/users/accounts/1 HTTP/1.1" 204 0 "http://localhost:8080/" "Mozilla/5.0 (X11; Linux x86_64) AppleWebKit/537.36 (KHTML, like Gecko) Chrome/92.0.4515.107 Safari/537.36"
::1 - - [01/Sep/2021:15:19:12 +0000] "GET /api/users/accounts HTTP/1.1" 304 - "http://localhost:8080/" "Mozilla/5.0 (X11; Linux x86_64) AppleWebKit/537.36 (KHTML, like Gecko) Chrome/92.0.4515.107 Safari/537.36"
::1 - - [01/Sep/2021:15:19:12 +0000] "GET /api/users/accounts/1 HTTP/1.1" 304 - "http://localhost:8080/" "Mozilla/5.0 (X11; Linux x86_64) AppleWebKit/537.36 (KHTML, like Gecko) Chrome/92.0.4515.107 Safari/537.36"
::1 - - [01/Sep/2021:15:19:12 +0000] "GET /api/users/accounts HTTP/1.1" 304 - "http://localhost:8080/" "Mozilla/5.0 (X11; Linux x86_64) AppleWebKit/537.36 (KHTML, like Gecko) Chrome/92.0.4515.107 Safari/537.36"
::1 - - [01/Sep/2021:15:19:12 +0000] "GET /upload/soin1629724101834.jpg HTTP/1.1" 404 167 "http://localhost:8080/" "Mozilla/5.0 (X11; Linux x86_64) AppleWebKit/537.36 (KHTML, like Gecko) Chrome/92.0.4515.107 Safari/537.36"
::1 - - [01/Sep/2021:15:26:08 +0000] "OPTIONS /api/users/accounts/3 HTTP/1.1" 204 0 "http://localhost:8080/" "Mozilla/5.0 (X11; Linux x86_64) AppleWebKit/537.36 (KHTML, like Gecko) Chrome/92.0.4515.107 Safari/537.36"
::1 - - [01/Sep/2021:15:26:08 +0000] "DELETE /api/users/accounts/3 HTTP/1.1" 200 41 "http://localhost:8080/" "Mozilla/5.0 (X11; Linux x86_64) AppleWebKit/537.36 (KHTML, like Gecko) Chrome/92.0.4515.107 Safari/537.36"
::1 - - [01/Sep/2021:15:26:10 +0000] "GET /upload/Avatar11629741419025.jpg HTTP/1.1" 304 - "http://localhost:8080/" "Mozilla/5.0 (X11; Linux x86_64) AppleWebKit/537.36 (KHTML, like Gecko) Chrome/92.0.4515.107 Safari/537.36"
::1 - - [01/Sep/2021:15:26:10 +0000] "GET /upload/Avatar11629907589494.jpg HTTP/1.1" 304 - "http://localhost:8080/" "Mozilla/5.0 (X11; Linux x86_64) AppleWebKit/537.36 (KHTML, like Gecko) Chrome/92.0.4515.107 Safari/537.36"
::1 - - [01/Sep/2021:15:26:10 +0000] "OPTIONS /api/users/accounts HTTP/1.1" 204 0 "http://localhost:8080/" "Mozilla/5.0 (X11; Linux x86_64) AppleWebKit/537.36 (KHTML, like Gecko) Chrome/92.0.4515.107 Safari/537.36"
::1 - - [01/Sep/2021:15:26:10 +0000] "OPTIONS /api/users/accounts HTTP/1.1" 204 0 "http://localhost:8080/" "Mozilla/5.0 (X11; Linux x86_64) AppleWebKit/537.36 (KHTML, like Gecko) Chrome/92.0.4515.107 Safari/537.36"
::1 - - [01/Sep/2021:15:26:10 +0000] "OPTIONS /api/users/accounts/1 HTTP/1.1" 204 0 "http://localhost:8080/" "Mozilla/5.0 (X11; Linux x86_64) AppleWebKit/537.36 (KHTML, like Gecko) Chrome/92.0.4515.107 Safari/537.36"
::1 - - [01/Sep/2021:15:26:10 +0000] "GET /api/users/accounts HTTP/1.1" 304 - "http://localhost:8080/" "Mozilla/5.0 (X11; Linux x86_64) AppleWebKit/537.36 (KHTML, like Gecko) Chrome/92.0.4515.107 Safari/537.36"
::1 - - [01/Sep/2021:15:26:10 +0000] "GET /api/users/accounts/1 HTTP/1.1" 304 - "http://localhost:8080/" "Mozilla/5.0 (X11; Linux x86_64) AppleWebKit/537.36 (KHTML, like Gecko) Chrome/92.0.4515.107 Safari/537.36"
::1 - - [01/Sep/2021:15:26:10 +0000] "GET /api/users/accounts HTTP/1.1" 304 - "http://localhost:8080/" "Mozilla/5.0 (X11; Linux x86_64) AppleWebKit/537.36 (KHTML, like Gecko) Chrome/92.0.4515.107 Safari/537.36"
::1 - - [01/Sep/2021:15:26:10 +0000] "GET /upload/soin1629724101834.jpg HTTP/1.1" 404 167 "http://localhost:8080/" "Mozilla/5.0 (X11; Linux x86_64) AppleWebKit/537.36 (KHTML, like Gecko) Chrome/92.0.4515.107 Safari/537.36"
::1 - - [01/Sep/2021:15:28:36 +0000] "OPTIONS /api/users/accounts/3 HTTP/1.1" 204 0 "http://localhost:8080/" "Mozilla/5.0 (X11; Linux x86_64) AppleWebKit/537.36 (KHTML, like Gecko) Chrome/92.0.4515.107 Safari/537.36"
::1 - - [01/Sep/2021:15:28:36 +0000] "DELETE /api/users/accounts/3 HTTP/1.1" 200 41 "http://localhost:8080/" "Mozilla/5.0 (X11; Linux x86_64) AppleWebKit/537.36 (KHTML, like Gecko) Chrome/92.0.4515.107 Safari/537.36"
::1 - - [01/Sep/2021:15:28:38 +0000] "GET /upload/Avatar11629741419025.jpg HTTP/1.1" 304 - "http://localhost:8080/" "Mozilla/5.0 (X11; Linux x86_64) AppleWebKit/537.36 (KHTML, like Gecko) Chrome/92.0.4515.107 Safari/537.36"
::1 - - [01/Sep/2021:15:28:38 +0000] "GET /upload/Avatar11629907589494.jpg HTTP/1.1" 304 - "http://localhost:8080/" "Mozilla/5.0 (X11; Linux x86_64) AppleWebKit/537.36 (KHTML, like Gecko) Chrome/92.0.4515.107 Safari/537.36"
::1 - - [01/Sep/2021:15:28:38 +0000] "OPTIONS /api/users/accounts HTTP/1.1" 204 0 "http://localhost:8080/" "Mozilla/5.0 (X11; Linux x86_64) AppleWebKit/537.36 (KHTML, like Gecko) Chrome/92.0.4515.107 Safari/537.36"
::1 - - [01/Sep/2021:15:28:38 +0000] "OPTIONS /api/users/accounts HTTP/1.1" 204 0 "http://localhost:8080/" "Mozilla/5.0 (X11; Linux x86_64) AppleWebKit/537.36 (KHTML, like Gecko) Chrome/92.0.4515.107 Safari/537.36"
::1 - - [01/Sep/2021:15:28:38 +0000] "OPTIONS /api/users/accounts/1 HTTP/1.1" 204 0 "http://localhost:8080/" "Mozilla/5.0 (X11; Linux x86_64) AppleWebKit/537.36 (KHTML, like Gecko) Chrome/92.0.4515.107 Safari/537.36"
::1 - - [01/Sep/2021:15:28:38 +0000] "GET /api/users/accounts HTTP/1.1" 304 - "http://localhost:8080/" "Mozilla/5.0 (X11; Linux x86_64) AppleWebKit/537.36 (KHTML, like Gecko) Chrome/92.0.4515.107 Safari/537.36"
::1 - - [01/Sep/2021:15:28:38 +0000] "GET /api/users/accounts/1 HTTP/1.1" 304 - "http://localhost:8080/" "Mozilla/5.0 (X11; Linux x86_64) AppleWebKit/537.36 (KHTML, like Gecko) Chrome/92.0.4515.107 Safari/537.36"
::1 - - [01/Sep/2021:15:28:38 +0000] "GET /api/users/accounts HTTP/1.1" 304 - "http://localhost:8080/" "Mozilla/5.0 (X11; Linux x86_64) AppleWebKit/537.36 (KHTML, like Gecko) Chrome/92.0.4515.107 Safari/537.36"
::1 - - [01/Sep/2021:15:28:38 +0000] "GET /upload/soin1629724101834.jpg HTTP/1.1" 404 167 "http://localhost:8080/" "Mozilla/5.0 (X11; Linux x86_64) AppleWebKit/537.36 (KHTML, like Gecko) Chrome/92.0.4515.107 Safari/537.36"
::1 - - [01/Sep/2021:15:31:18 +0000] "OPTIONS /api/users/accounts/3 HTTP/1.1" 204 0 "http://localhost:8080/" "Mozilla/5.0 (X11; Linux x86_64) AppleWebKit/537.36 (KHTML, like Gecko) Chrome/92.0.4515.107 Safari/537.36"
::1 - - [01/Sep/2021:15:31:18 +0000] "DELETE /api/users/accounts/3 HTTP/1.1" 200 41 "http://localhost:8080/" "Mozilla/5.0 (X11; Linux x86_64) AppleWebKit/537.36 (KHTML, like Gecko) Chrome/92.0.4515.107 Safari/537.36"
::1 - - [01/Sep/2021:15:32:46 +0000] "GET /upload/Avatar11629741419025.jpg HTTP/1.1" 304 - "http://localhost:8080/" "Mozilla/5.0 (X11; Linux x86_64) AppleWebKit/537.36 (KHTML, like Gecko) Chrome/92.0.4515.107 Safari/537.36"
::1 - - [01/Sep/2021:15:32:46 +0000] "GET /upload/Avatar11629907589494.jpg HTTP/1.1" 304 - "http://localhost:8080/" "Mozilla/5.0 (X11; Linux x86_64) AppleWebKit/537.36 (KHTML, like Gecko) Chrome/92.0.4515.107 Safari/537.36"
::1 - - [01/Sep/2021:15:32:46 +0000] "OPTIONS /api/users/accounts HTTP/1.1" 204 0 "http://localhost:8080/" "Mozilla/5.0 (X11; Linux x86_64) AppleWebKit/537.36 (KHTML, like Gecko) Chrome/92.0.4515.107 Safari/537.36"
::1 - - [01/Sep/2021:15:32:46 +0000] "OPTIONS /api/users/accounts HTTP/1.1" 204 0 "http://localhost:8080/" "Mozilla/5.0 (X11; Linux x86_64) AppleWebKit/537.36 (KHTML, like Gecko) Chrome/92.0.4515.107 Safari/537.36"
::1 - - [01/Sep/2021:15:32:46 +0000] "OPTIONS /api/users/accounts/1 HTTP/1.1" 204 0 "http://localhost:8080/" "Mozilla/5.0 (X11; Linux x86_64) AppleWebKit/537.36 (KHTML, like Gecko) Chrome/92.0.4515.107 Safari/537.36"
::1 - - [01/Sep/2021:15:32:46 +0000] "GET /api/users/accounts HTTP/1.1" 304 - "http://localhost:8080/" "Mozilla/5.0 (X11; Linux x86_64) AppleWebKit/537.36 (KHTML, like Gecko) Chrome/92.0.4515.107 Safari/537.36"
::1 - - [01/Sep/2021:15:32:46 +0000] "GET /api/users/accounts/1 HTTP/1.1" 304 - "http://localhost:8080/" "Mozilla/5.0 (X11; Linux x86_64) AppleWebKit/537.36 (KHTML, like Gecko) Chrome/92.0.4515.107 Safari/537.36"
::1 - - [01/Sep/2021:15:32:46 +0000] "GET /api/users/accounts HTTP/1.1" 304 - "http://localhost:8080/" "Mozilla/5.0 (X11; Linux x86_64) AppleWebKit/537.36 (KHTML, like Gecko) Chrome/92.0.4515.107 Safari/537.36"
::1 - - [01/Sep/2021:15:32:46 +0000] "GET /upload/soin1629724101834.jpg HTTP/1.1" 404 167 "http://localhost:8080/" "Mozilla/5.0 (X11; Linux x86_64) AppleWebKit/537.36 (KHTML, like Gecko) Chrome/92.0.4515.107 Safari/537.36"
::1 - - [01/Sep/2021:15:32:47 +0000] "OPTIONS /api/users/accounts/3 HTTP/1.1" 204 0 "http://localhost:8080/" "Mozilla/5.0 (X11; Linux x86_64) AppleWebKit/537.36 (KHTML, like Gecko) Chrome/92.0.4515.107 Safari/537.36"
::1 - - [01/Sep/2021:15:32:48 +0000] "DELETE /api/users/accounts/3 HTTP/1.1" 200 41 "http://localhost:8080/" "Mozilla/5.0 (X11; Linux x86_64) AppleWebKit/537.36 (KHTML, like Gecko) Chrome/92.0.4515.107 Safari/537.36"
::1 - - [01/Sep/2021:15:35:13 +0000] "GET /upload/Avatar11629741419025.jpg HTTP/1.1" 304 - "http://localhost:8080/" "Mozilla/5.0 (X11; Linux x86_64) AppleWebKit/537.36 (KHTML, like Gecko) Chrome/92.0.4515.107 Safari/537.36"
::1 - - [01/Sep/2021:15:35:13 +0000] "GET /upload/Avatar11629907589494.jpg HTTP/1.1" 304 - "http://localhost:8080/" "Mozilla/5.0 (X11; Linux x86_64) AppleWebKit/537.36 (KHTML, like Gecko) Chrome/92.0.4515.107 Safari/537.36"
::1 - - [01/Sep/2021:15:35:13 +0000] "OPTIONS /api/users/accounts HTTP/1.1" 204 0 "http://localhost:8080/" "Mozilla/5.0 (X11; Linux x86_64) AppleWebKit/537.36 (KHTML, like Gecko) Chrome/92.0.4515.107 Safari/537.36"
::1 - - [01/Sep/2021:15:35:13 +0000] "OPTIONS /api/users/accounts HTTP/1.1" 204 0 "http://localhost:8080/" "Mozilla/5.0 (X11; Linux x86_64) AppleWebKit/537.36 (KHTML, like Gecko) Chrome/92.0.4515.107 Safari/537.36"
::1 - - [01/Sep/2021:15:35:13 +0000] "OPTIONS /api/users/accounts/1 HTTP/1.1" 204 0 "http://localhost:8080/" "Mozilla/5.0 (X11; Linux x86_64) AppleWebKit/537.36 (KHTML, like Gecko) Chrome/92.0.4515.107 Safari/537.36"
::1 - - [01/Sep/2021:15:35:13 +0000] "GET /api/users/accounts HTTP/1.1" 304 - "http://localhost:8080/" "Mozilla/5.0 (X11; Linux x86_64) AppleWebKit/537.36 (KHTML, like Gecko) Chrome/92.0.4515.107 Safari/537.36"
::1 - - [01/Sep/2021:15:35:13 +0000] "GET /api/users/accounts/1 HTTP/1.1" 304 - "http://localhost:8080/" "Mozilla/5.0 (X11; Linux x86_64) AppleWebKit/537.36 (KHTML, like Gecko) Chrome/92.0.4515.107 Safari/537.36"
::1 - - [01/Sep/2021:15:35:13 +0000] "GET /api/users/accounts HTTP/1.1" 304 - "http://localhost:8080/" "Mozilla/5.0 (X11; Linux x86_64) AppleWebKit/537.36 (KHTML, like Gecko) Chrome/92.0.4515.107 Safari/537.36"
::1 - - [01/Sep/2021:15:35:13 +0000] "GET /upload/soin1629724101834.jpg HTTP/1.1" 404 167 "http://localhost:8080/" "Mozilla/5.0 (X11; Linux x86_64) AppleWebKit/537.36 (KHTML, like Gecko) Chrome/92.0.4515.107 Safari/537.36"
::1 - - [01/Sep/2021:15:35:14 +0000] "OPTIONS /api/users/accounts/3 HTTP/1.1" 204 0 "http://localhost:8080/" "Mozilla/5.0 (X11; Linux x86_64) AppleWebKit/537.36 (KHTML, like Gecko) Chrome/92.0.4515.107 Safari/537.36"
::1 - - [01/Sep/2021:15:35:14 +0000] "DELETE /api/users/accounts/3 HTTP/1.1" 200 41 "http://localhost:8080/" "Mozilla/5.0 (X11; Linux x86_64) AppleWebKit/537.36 (KHTML, like Gecko) Chrome/92.0.4515.107 Safari/537.36"
::1 - - [01/Sep/2021:15:48:48 +0000] "OPTIONS /api/users/accounts/1 HTTP/1.1" 204 0 "http://localhost:8080/" "Mozilla/5.0 (X11; Linux x86_64) AppleWebKit/537.36 (KHTML, like Gecko) Chrome/92.0.4515.107 Safari/537.36"
::1 - - [01/Sep/2021:15:48:48 +0000] "GET /api/users/accounts/1 HTTP/1.1" 304 - "http://localhost:8080/" "Mozilla/5.0 (X11; Linux x86_64) AppleWebKit/537.36 (KHTML, like Gecko) Chrome/92.0.4515.107 Safari/537.36"
::1 - - [01/Sep/2021:15:49:07 +0000] "OPTIONS /api/users/login HTTP/1.1" 204 0 "http://localhost:8080/" "Mozilla/5.0 (X11; Linux x86_64) AppleWebKit/537.36 (KHTML, like Gecko) Chrome/92.0.4515.107 Safari/537.36"
::1 - - [01/Sep/2021:15:49:07 +0000] "POST /api/users/login HTTP/1.1" 200 496 "http://localhost:8080/" "Mozilla/5.0 (X11; Linux x86_64) AppleWebKit/537.36 (KHTML, like Gecko) Chrome/92.0.4515.107 Safari/537.36"
::1 - - [01/Sep/2021:15:49:07 +0000] "OPTIONS /api/users/accounts/3 HTTP/1.1" 204 0 "http://localhost:8080/" "Mozilla/5.0 (X11; Linux x86_64) AppleWebKit/537.36 (KHTML, like Gecko) Chrome/92.0.4515.107 Safari/537.36"
::1 - - [01/Sep/2021:15:49:07 +0000] "GET /upload/soin1629724101834.jpg HTTP/1.1" 404 167 "http://localhost:8080/" "Mozilla/5.0 (X11; Linux x86_64) AppleWebKit/537.36 (KHTML, like Gecko) Chrome/92.0.4515.107 Safari/537.36"
::1 - - [01/Sep/2021:15:49:07 +0000] "GET /api/users/accounts/3 HTTP/1.1" 200 293 "http://localhost:8080/" "Mozilla/5.0 (X11; Linux x86_64) AppleWebKit/537.36 (KHTML, like Gecko) Chrome/92.0.4515.107 Safari/537.36"
::1 - - [01/Sep/2021:15:49:09 +0000] "OPTIONS /api/posts HTTP/1.1" 204 0 "http://localhost:8080/" "Mozilla/5.0 (X11; Linux x86_64) AppleWebKit/537.36 (KHTML, like Gecko) Chrome/92.0.4515.107 Safari/537.36"
::1 - - [01/Sep/2021:15:49:09 +0000] "GET /upload/soin1629724101834.jpg HTTP/1.1" 404 167 "http://localhost:8080/" "Mozilla/5.0 (X11; Linux x86_64) AppleWebKit/537.36 (KHTML, like Gecko) Chrome/92.0.4515.107 Safari/537.36"
::1 - - [01/Sep/2021:15:49:09 +0000] "GET /upload/Avatar11630506105270.jpg HTTP/1.1" 404 170 "http://localhost:8080/" "Mozilla/5.0 (X11; Linux x86_64) AppleWebKit/537.36 (KHTML, like Gecko) Chrome/92.0.4515.107 Safari/537.36"
::1 - - [01/Sep/2021:15:49:09 +0000] "GET /api/posts HTTP/1.1" 200 1571 "http://localhost:8080/" "Mozilla/5.0 (X11; Linux x86_64) AppleWebKit/537.36 (KHTML, like Gecko) Chrome/92.0.4515.107 Safari/537.36"
::1 - - [01/Sep/2021:15:49:09 +0000] "GET /upload/imgcool1630415733613.jpg HTTP/1.1" 304 - "http://localhost:8080/" "Mozilla/5.0 (X11; Linux x86_64) AppleWebKit/537.36 (KHTML, like Gecko) Chrome/92.0.4515.107 Safari/537.36"
::1 - - [01/Sep/2021:15:49:20 +0000] "OPTIONS /api/users/accounts/3 HTTP/1.1" 204 0 "http://localhost:8080/" "Mozilla/5.0 (X11; Linux x86_64) AppleWebKit/537.36 (KHTML, like Gecko) Chrome/92.0.4515.107 Safari/537.36"
::1 - - [01/Sep/2021:15:49:20 +0000] "GET /upload/soin1629724101834.jpg HTTP/1.1" 404 167 "http://localhost:8080/" "Mozilla/5.0 (X11; Linux x86_64) AppleWebKit/537.36 (KHTML, like Gecko) Chrome/92.0.4515.107 Safari/537.36"
::1 - - [01/Sep/2021:15:49:20 +0000] "GET /api/users/accounts/3 HTTP/1.1" 304 - "http://localhost:8080/" "Mozilla/5.0 (X11; Linux x86_64) AppleWebKit/537.36 (KHTML, like Gecko) Chrome/92.0.4515.107 Safari/537.36"
::1 - - [01/Sep/2021:15:49:30 +0000] "OPTIONS /api/users/accounts HTTP/1.1" 204 0 "http://localhost:8080/" "Mozilla/5.0 (X11; Linux x86_64) AppleWebKit/537.36 (KHTML, like Gecko) Chrome/92.0.4515.107 Safari/537.36"
::1 - - [01/Sep/2021:15:49:30 +0000] "OPTIONS /api/users/accounts/3 HTTP/1.1" 204 0 "http://localhost:8080/" "Mozilla/5.0 (X11; Linux x86_64) AppleWebKit/537.36 (KHTML, like Gecko) Chrome/92.0.4515.107 Safari/537.36"
::1 - - [01/Sep/2021:15:49:30 +0000] "OPTIONS /api/users/accounts/3 HTTP/1.1" 204 0 "http://localhost:8080/" "Mozilla/5.0 (X11; Linux x86_64) AppleWebKit/537.36 (KHTML, like Gecko) Chrome/92.0.4515.107 Safari/537.36"
::1 - - [01/Sep/2021:15:49:30 +0000] "OPTIONS /api/users/accounts/3 HTTP/1.1" 204 0 "http://localhost:8080/" "Mozilla/5.0 (X11; Linux x86_64) AppleWebKit/537.36 (KHTML, like Gecko) Chrome/92.0.4515.107 Safari/537.36"
::1 - - [01/Sep/2021:15:49:30 +0000] "GET /api/users/accounts HTTP/1.1" 304 - "http://localhost:8080/" "Mozilla/5.0 (X11; Linux x86_64) AppleWebKit/537.36 (KHTML, like Gecko) Chrome/92.0.4515.107 Safari/537.36"
::1 - - [01/Sep/2021:15:49:30 +0000] "GET /upload/soin1629724101834.jpg HTTP/1.1" 404 167 "http://localhost:8080/" "Mozilla/5.0 (X11; Linux x86_64) AppleWebKit/537.36 (KHTML, like Gecko) Chrome/92.0.4515.107 Safari/537.36"
::1 - - [01/Sep/2021:15:49:30 +0000] "GET /api/users/accounts/3 HTTP/1.1" 304 - "http://localhost:8080/" "Mozilla/5.0 (X11; Linux x86_64) AppleWebKit/537.36 (KHTML, like Gecko) Chrome/92.0.4515.107 Safari/537.36"
::1 - - [01/Sep/2021:15:49:30 +0000] "PUT /api/users/accounts/3 HTTP/1.1" 200 355 "http://localhost:8080/" "Mozilla/5.0 (X11; Linux x86_64) AppleWebKit/537.36 (KHTML, like Gecko) Chrome/92.0.4515.107 Safari/537.36"
::1 - - [01/Sep/2021:15:49:30 +0000] "GET /api/users/accounts/3 HTTP/1.1" 200 293 "http://localhost:8080/" "Mozilla/5.0 (X11; Linux x86_64) AppleWebKit/537.36 (KHTML, like Gecko) Chrome/92.0.4515.107 Safari/537.36"
::1 - - [01/Sep/2021:15:49:30 +0000] "OPTIONS /api/posts HTTP/1.1" 204 0 "http://localhost:8080/" "Mozilla/5.0 (X11; Linux x86_64) AppleWebKit/537.36 (KHTML, like Gecko) Chrome/92.0.4515.107 Safari/537.36"
::1 - - [01/Sep/2021:15:49:30 +0000] "GET /api/posts HTTP/1.1" 200 1571 "http://localhost:8080/" "Mozilla/5.0 (X11; Linux x86_64) AppleWebKit/537.36 (KHTML, like Gecko) Chrome/92.0.4515.107 Safari/537.36"
::1 - - [01/Sep/2021:15:49:30 +0000] "GET /upload/soin1630511370877.jpg HTTP/1.1" 200 9104 "http://localhost:8080/" "Mozilla/5.0 (X11; Linux x86_64) AppleWebKit/537.36 (KHTML, like Gecko) Chrome/92.0.4515.107 Safari/537.36"
::1 - - [01/Sep/2021:15:49:33 +0000] "GET /api/posts HTTP/1.1" 304 - "http://localhost:8080/" "Mozilla/5.0 (X11; Linux x86_64) AppleWebKit/537.36 (KHTML, like Gecko) Chrome/92.0.4515.107 Safari/537.36"
::1 - - [01/Sep/2021:15:49:36 +0000] "OPTIONS /api/posts/22 HTTP/1.1" 204 0 "http://localhost:8080/" "Mozilla/5.0 (X11; Linux x86_64) AppleWebKit/537.36 (KHTML, like Gecko) Chrome/92.0.4515.107 Safari/537.36"
::1 - - [01/Sep/2021:15:49:36 +0000] "DELETE /api/posts/22 HTTP/1.1" 200 28 "http://localhost:8080/" "Mozilla/5.0 (X11; Linux x86_64) AppleWebKit/537.36 (KHTML, like Gecko) Chrome/92.0.4515.107 Safari/537.36"
::1 - - [01/Sep/2021:15:49:36 +0000] "OPTIONS /api/posts HTTP/1.1" 204 0 "http://localhost:8080/" "Mozilla/5.0 (X11; Linux x86_64) AppleWebKit/537.36 (KHTML, like Gecko) Chrome/92.0.4515.107 Safari/537.36"
::1 - - [01/Sep/2021:15:49:36 +0000] "GET /api/posts HTTP/1.1" 200 1126 "http://localhost:8080/" "Mozilla/5.0 (X11; Linux x86_64) AppleWebKit/537.36 (KHTML, like Gecko) Chrome/92.0.4515.107 Safari/537.36"
::1 - - [01/Sep/2021:15:49:42 +0000] "GET /upload/soin1630511370877.jpg HTTP/1.1" 304 - "http://localhost:8080/" "Mozilla/5.0 (X11; Linux x86_64) AppleWebKit/537.36 (KHTML, like Gecko) Chrome/92.0.4515.107 Safari/537.36"
::1 - - [01/Sep/2021:15:49:42 +0000] "GET /upload/Avatar11629741419025.jpg HTTP/1.1" 304 - "http://localhost:8080/" "Mozilla/5.0 (X11; Linux x86_64) AppleWebKit/537.36 (KHTML, like Gecko) Chrome/92.0.4515.107 Safari/537.36"
::1 - - [01/Sep/2021:15:49:42 +0000] "OPTIONS /api/posts HTTP/1.1" 204 0 "http://localhost:8080/" "Mozilla/5.0 (X11; Linux x86_64) AppleWebKit/537.36 (KHTML, like Gecko) Chrome/92.0.4515.107 Safari/537.36"
::1 - - [01/Sep/2021:15:49:42 +0000] "OPTIONS /api/users/accounts HTTP/1.1" 204 0 "http://localhost:8080/" "Mozilla/5.0 (X11; Linux x86_64) AppleWebKit/537.36 (KHTML, like Gecko) Chrome/92.0.4515.107 Safari/537.36"
::1 - - [01/Sep/2021:15:49:42 +0000] "OPTIONS /api/users/accounts/3 HTTP/1.1" 204 0 "http://localhost:8080/" "Mozilla/5.0 (X11; Linux x86_64) AppleWebKit/537.36 (KHTML, like Gecko) Chrome/92.0.4515.107 Safari/537.36"
::1 - - [01/Sep/2021:15:49:42 +0000] "GET /api/posts HTTP/1.1" 304 - "http://localhost:8080/" "Mozilla/5.0 (X11; Linux x86_64) AppleWebKit/537.36 (KHTML, like Gecko) Chrome/92.0.4515.107 Safari/537.36"
::1 - - [01/Sep/2021:15:49:42 +0000] "GET /api/users/accounts/3 HTTP/1.1" 200 293 "http://localhost:8080/" "Mozilla/5.0 (X11; Linux x86_64) AppleWebKit/537.36 (KHTML, like Gecko) Chrome/92.0.4515.107 Safari/537.36"
::1 - - [01/Sep/2021:15:49:42 +0000] "GET /api/users/accounts HTTP/1.1" 200 643 "http://localhost:8080/" "Mozilla/5.0 (X11; Linux x86_64) AppleWebKit/537.36 (KHTML, like Gecko) Chrome/92.0.4515.107 Safari/537.36"
::1 - - [01/Sep/2021:15:49:42 +0000] "GET /upload/imgcool1630415733613.jpg HTTP/1.1" 304 - "http://localhost:8080/" "Mozilla/5.0 (X11; Linux x86_64) AppleWebKit/537.36 (KHTML, like Gecko) Chrome/92.0.4515.107 Safari/537.36"
::1 - - [01/Sep/2021:15:50:01 +0000] "OPTIONS /api/users/accounts/3 HTTP/1.1" 204 0 "http://localhost:8080/" "Mozilla/5.0 (X11; Linux x86_64) AppleWebKit/537.36 (KHTML, like Gecko) Chrome/92.0.4515.107 Safari/537.36"
::1 - - [01/Sep/2021:15:50:01 +0000] "GET /api/users/accounts/3 HTTP/1.1" 304 - "http://localhost:8080/" "Mozilla/5.0 (X11; Linux x86_64) AppleWebKit/537.36 (KHTML, like Gecko) Chrome/92.0.4515.107 Safari/537.36"
::1 - - [01/Sep/2021:15:50:03 +0000] "DELETE /api/users/accounts/3 HTTP/1.1" 200 41 "http://localhost:8080/" "Mozilla/5.0 (X11; Linux x86_64) AppleWebKit/537.36 (KHTML, like Gecko) Chrome/92.0.4515.107 Safari/537.36"
::1 - - [01/Sep/2021:15:50:34 +0000] "OPTIONS /api/users/signup HTTP/1.1" 204 0 "http://localhost:8080/" "Mozilla/5.0 (X11; Linux x86_64) AppleWebKit/537.36 (KHTML, like Gecko) Chrome/92.0.4515.107 Safari/537.36"
::1 - - [01/Sep/2021:15:50:34 +0000] "POST /api/users/signup HTTP/1.1" 201 493 "http://localhost:8080/" "Mozilla/5.0 (X11; Linux x86_64) AppleWebKit/537.36 (KHTML, like Gecko) Chrome/92.0.4515.107 Safari/537.36"
::1 - - [01/Sep/2021:15:50:34 +0000] "OPTIONS /api/users/accounts/11 HTTP/1.1" 204 0 "http://localhost:8080/" "Mozilla/5.0 (X11; Linux x86_64) AppleWebKit/537.36 (KHTML, like Gecko) Chrome/92.0.4515.107 Safari/537.36"
::1 - - [01/Sep/2021:15:50:34 +0000] "GET /api/users/accounts/11 HTTP/1.1" 200 292 "http://localhost:8080/" "Mozilla/5.0 (X11; Linux x86_64) AppleWebKit/537.36 (KHTML, like Gecko) Chrome/92.0.4515.107 Safari/537.36"
::1 - - [01/Sep/2021:15:50:35 +0000] "OPTIONS /api/posts HTTP/1.1" 204 0 "http://localhost:8080/" "Mozilla/5.0 (X11; Linux x86_64) AppleWebKit/537.36 (KHTML, like Gecko) Chrome/92.0.4515.107 Safari/537.36"
::1 - - [01/Sep/2021:15:50:35 +0000] "GET /api/posts HTTP/1.1" 304 - "http://localhost:8080/" "Mozilla/5.0 (X11; Linux x86_64) AppleWebKit/537.36 (KHTML, like Gecko) Chrome/92.0.4515.107 Safari/537.36"
